# JRE version: Java(TM) SE Runtime Environment (8.0_25-b17) (build 1.8.0_25-b17)
# Java VM: Java HotSpot(TM) 64-Bit Server VM (25.25-b02 mixed mode linux-amd64 compressed oops)
Heap:
 PSYoungGen      total 518144K, used 0K [0x00000000d7d80000, 0x0000000100000000, 0x0000000100000000)
  eden space 421376K, 0% used [0x00000000d7d80000,0x00000000d7d80000,0x00000000f1900000)
  from space 96768K, 0% used [0x00000000fa180000,0x00000000fa180000,0x0000000100000000)
  to   space 118272K, 0% used [0x00000000f1900000,0x00000000f1900000,0x00000000f8c80000)
 ParOldGen       total 345600K, used 302461K [0x0000000087800000, 0x000000009c980000, 0x00000000d7d80000)
  object space 345600K, 87% used [0x0000000087800000,0x0000000099f5f540,0x000000009c980000)
 Metaspace       used 269139K, capacity 272840K, committed 273000K, reserved 1290240K
  class space    used 31255K, capacity 32415K, committed 32512K, reserved 1048576K
GC Heap History (10 events):
Event: 138.565 GC heap after
Heap after GC invocations=25 (full 5):
 PSYoungGen      total 571904K, used 46098K [0x00000000d7d80000, 0x00000000ff280000, 0x0000000100000000)
  eden space 514560K, 0% used [0x00000000d7d80000,0x00000000d7d80000,0x00000000f7400000)
  from space 57344K, 80% used [0x00000000fb100000,0x00000000fde04ad8,0x00000000fe900000)
  to   space 62464K, 0% used [0x00000000f7400000,0x00000000f7400000,0x00000000fb100000)
 ParOldGen       total 345600K, used 168521K [0x0000000087800000, 0x000000009c980000, 0x00000000d7d80000)
  object space 345600K, 48% used [0x0000000087800000,0x0000000091c924a0,0x000000009c980000)
 Metaspace       used 187923K, capacity 190698K, committed 190936K, reserved 1218560K
  class space    used 21626K, capacity 22491K, committed 22528K, reserved 1048576K
}
Event: 158.123 GC heap before
{Heap before GC invocations=26 (full 5):
 PSYoungGen      total 571904K, used 560658K [0x00000000d7d80000, 0x00000000ff280000, 0x0000000100000000)
  eden space 514560K, 100% used [0x00000000d7d80000,0x00000000f7400000,0x00000000f7400000)
  from space 57344K, 80% used [0x00000000fb100000,0x00000000fde04ad8,0x00000000fe900000)
  to   space 62464K, 0% used [0x00000000f7400000,0x00000000f7400000,0x00000000fb100000)
 ParOldGen       total 345600K, used 168521K [0x0000000087800000, 0x000000009c980000, 0x00000000d7d80000)
  object space 345600K, 48% used [0x0000000087800000,0x0000000091c924a0,0x000000009c980000)
 Metaspace       used 195527K, capacity 198382K, committed 198616K, reserved 1224704K
  class space    used 22381K, capacity 23238K, committed 23296K, reserved 1048576K
Event: 158.185 GC heap after
Heap after GC invocations=26 (full 5):
 PSYoungGen      total 577024K, used 52639K [0x00000000d7d80000, 0x0000000100000000, 0x0000000100000000)
  eden space 514560K, 0% used [0x00000000d7d80000,0x00000000d7d80000,0x00000000f7400000)
  from space 62464K, 84% used [0x00000000f7400000,0x00000000fa767cb0,0x00000000fb100000)
  to   space 69120K, 0% used [0x00000000fbc80000,0x00000000fbc80000,0x0000000100000000)
 ParOldGen       total 345600K, used 168537K [0x0000000087800000, 0x000000009c980000, 0x00000000d7d80000)
  object space 345600K, 48% used [0x0000000087800000,0x0000000091c964a0,0x000000009c980000)
 Metaspace       used 195527K, capacity 198382K, committed 198616K, reserved 1224704K
  class space    used 22381K, capacity 23238K, committed 23296K, reserved 1048576K
}
Event: 185.040 GC heap before
{Heap before GC invocations=27 (full 5):
 PSYoungGen      total 577024K, used 567199K [0x00000000d7d80000, 0x0000000100000000, 0x0000000100000000)
  eden space 514560K, 100% used [0x00000000d7d80000,0x00000000f7400000,0x00000000f7400000)
  from space 62464K, 84% used [0x00000000f7400000,0x00000000fa767cb0,0x00000000fb100000)
  to   space 69120K, 0% used [0x00000000fbc80000,0x00000000fbc80000,0x0000000100000000)
 ParOldGen       total 345600K, used 168537K [0x0000000087800000, 0x000000009c980000, 0x00000000d7d80000)
  object space 345600K, 48% used [0x0000000087800000,0x0000000091c964a0,0x000000009c980000)
 Metaspace       used 239211K, capacity 242586K, committed 242776K, reserved 1263616K
  class space    used 27650K, capacity 28686K, committed 28800K, reserved 1048576K
Event: 185.167 GC heap after
Heap after GC invocations=27 (full 5):
 PSYoungGen      total 541696K, used 69116K [0x00000000d7d80000, 0x0000000100000000, 0x0000000100000000)
  eden space 472576K, 0% used [0x00000000d7d80000,0x00000000d7d80000,0x00000000f4b00000)
  from space 69120K, 99% used [0x00000000fbc80000,0x00000000fffff2d8,0x0000000100000000)
  to   space 92672K, 0% used [0x00000000f4b00000,0x00000000f4b00000,0x00000000fa580000)
 ParOldGen       total 345600K, used 202253K [0x0000000087800000, 0x000000009c980000, 0x00000000d7d80000)
  object space 345600K, 58% used [0x0000000087800000,0x0000000093d837b8,0x000000009c980000)
 Metaspace       used 239211K, capacity 242586K, committed 242776K, reserved 1263616K
  class space    used 27650K, capacity 28686K, committed 28800K, reserved 1048576K
}
Event: 208.503 GC heap before
{Heap before GC invocations=28 (full 5):
 PSYoungGen      total 541696K, used 541692K [0x00000000d7d80000, 0x0000000100000000, 0x0000000100000000)
  eden space 472576K, 100% used [0x00000000d7d80000,0x00000000f4b00000,0x00000000f4b00000)
  from space 69120K, 99% used [0x00000000fbc80000,0x00000000fffff2d8,0x0000000100000000)
  to   space 92672K, 0% used [0x00000000f4b00000,0x00000000f4b00000,0x00000000fa580000)
 ParOldGen       total 345600K, used 202253K [0x0000000087800000, 0x000000009c980000, 0x00000000d7d80000)
  object space 345600K, 58% used [0x0000000087800000,0x0000000093d837b8,0x000000009c980000)
 Metaspace       used 268575K, capacity 272296K, committed 272472K, reserved 1290240K
  class space    used 31217K, capacity 32383K, committed 32384K, reserved 1048576K
Event: 208.589 GC heap after
Heap after GC invocations=28 (full 5):
 PSYoungGen      total 561152K, used 88205K [0x00000000d7d80000, 0x0000000100000000, 0x0000000100000000)
  eden space 472576K, 0% used [0x00000000d7d80000,0x00000000d7d80000,0x00000000f4b00000)
  from space 88576K, 99% used [0x00000000f4b00000,0x00000000fa123628,0x00000000fa180000)
  to   space 96768K, 0% used [0x00000000fa180000,0x00000000fa180000,0x0000000100000000)
 ParOldGen       total 345600K, used 225706K [0x0000000087800000, 0x000000009c980000, 0x00000000d7d80000)
  object space 345600K, 65% used [0x0000000087800000,0x000000009546a9c8,0x000000009c980000)
 Metaspace       used 268575K, capacity 272296K, committed 272472K, reserved 1290240K
  class space    used 31217K, capacity 32383K, committed 32384K, reserved 1048576K
}
Event: 208.827 GC heap before
{Heap before GC invocations=29 (full 5):
 PSYoungGen      total 561152K, used 112957K [0x00000000d7d80000, 0x0000000100000000, 0x0000000100000000)
  eden space 472576K, 5% used [0x00000000d7d80000,0x00000000d95abfa0,0x00000000f4b00000)
  from space 88576K, 99% used [0x00000000f4b00000,0x00000000fa123628,0x00000000fa180000)
  to   space 96768K, 0% used [0x00000000fa180000,0x00000000fa180000,0x0000000100000000)
 ParOldGen       total 345600K, used 225706K [0x0000000087800000, 0x000000009c980000, 0x00000000d7d80000)
  object space 345600K, 65% used [0x0000000087800000,0x000000009546a9c8,0x000000009c980000)
 Metaspace       used 269139K, capacity 272840K, committed 273000K, reserved 1290240K
  class space    used 31255K, capacity 32415K, committed 32512K, reserved 1048576K
Event: 208.911 GC heap after
Heap after GC invocations=29 (full 5):
 PSYoungGen      total 518144K, used 90560K [0x00000000d7d80000, 0x0000000100000000, 0x0000000100000000)
  eden space 421376K, 0% used [0x00000000d7d80000,0x00000000d7d80000,0x00000000f1900000)
  from space 96768K, 93% used [0x00000000fa180000,0x00000000ff9f0110,0x0000000100000000)
  to   space 118272K, 0% used [0x00000000f1900000,0x00000000f1900000,0x00000000f8c80000)
 ParOldGen       total 345600K, used 225706K [0x0000000087800000, 0x000000009c980000, 0x00000000d7d80000)
  object space 345600K, 65% used [0x0000000087800000,0x000000009546a9c8,0x000000009c980000)
 Metaspace       used 269139K, capacity 272840K, committed 273000K, reserved 1290240K
  class space    used 31255K, capacity 32415K, committed 32512K, reserved 1048576K
}
Event: 208.911 GC heap before
{Heap before GC invocations=30 (full 6):
 PSYoungGen      total 518144K, used 90560K [0x00000000d7d80000, 0x0000000100000000, 0x0000000100000000)
  eden space 421376K, 0% used [0x00000000d7d80000,0x00000000d7d80000,0x00000000f1900000)
  from space 96768K, 93% used [0x00000000fa180000,0x00000000ff9f0110,0x0000000100000000)
  to   space 118272K, 0% used [0x00000000f1900000,0x00000000f1900000,0x00000000f8c80000)
 ParOldGen       total 345600K, used 225706K [0x0000000087800000, 0x000000009c980000, 0x00000000d7d80000)
  object space 345600K, 65% used [0x0000000087800000,0x000000009546a9c8,0x000000009c980000)
 Metaspace       used 269139K, capacity 272840K, committed 273000K, reserved 1290240K
  class space    used 31255K, capacity 32415K, committed 32512K, reserved 1048576K

