# JRE version: Java(TM) SE Runtime Environment (8.0_112-b15) (build 1.8.0_112-b15)
# Java VM: Java HotSpot(TM) 64-Bit Server VM (25.112-b15 mixed mode linux-amd64 compressed oops)
Heap:
 PSYoungGen      total 1024K, used 1014K [0x00000000ffe80000, 0x0000000100000000, 0x0000000100000000)
  eden space 512K, 99% used [0x00000000ffe80000,0x00000000ffeffff8,0x00000000fff00000)
  from space 512K, 98% used [0x00000000fff00000,0x00000000fff7d988,0x00000000fff80000)
  to   space 512K, 0% used [0x00000000fff80000,0x00000000fff80000,0x0000000100000000)
 ParOldGen       total 2560K, used 2537K [0x00000000ffc00000, 0x00000000ffe80000, 0x00000000ffe80000)
  object space 2560K, 99% used [0x00000000ffc00000,0x00000000ffe7a6c0,0x00000000ffe80000)
 Metaspace       used 15357K, capacity 15700K, committed 16000K, reserved 1062912K
  class space    used 1556K, capacity 1633K, committed 1664K, reserved 1048576K
GC Heap History (10 events):
Event: 3.691 GC heap before
{Heap before GC invocations=137 (full 102):
 PSYoungGen      total 1024K, used 1014K [0x00000000ffe80000, 0x0000000100000000, 0x0000000100000000)
  eden space 512K, 99% used [0x00000000ffe80000,0x00000000ffeffff8,0x00000000fff00000)
  from space 512K, 98% used [0x00000000fff00000,0x00000000fff7d988,0x00000000fff80000)
  to   space 512K, 0% used [0x00000000fff80000,0x00000000fff80000,0x0000000100000000)
 ParOldGen       total 2560K, used 2503K [0x00000000ffc00000, 0x00000000ffe80000, 0x00000000ffe80000)
  object space 2560K, 97% used [0x00000000ffc00000,0x00000000ffe71fb0,0x00000000ffe80000)
 Metaspace       used 15355K, capacity 15700K, committed 16000K, reserved 1062912K
  class space    used 1555K, capacity 1633K, committed 1664K, reserved 1048576K
Event: 3.704 GC heap after
Heap after GC invocations=137 (full 102):
 PSYoungGen      total 1024K, used 1014K [0x00000000ffe80000, 0x0000000100000000, 0x0000000100000000)
  eden space 512K, 99% used [0x00000000ffe80000,0x00000000ffeffff8,0x00000000fff00000)
  from space 512K, 98% used [0x00000000fff00000,0x00000000fff7d988,0x00000000fff80000)
  to   space 512K, 0% used [0x00000000fff80000,0x00000000fff80000,0x0000000100000000)
 ParOldGen       total 2560K, used 2503K [0x00000000ffc00000, 0x00000000ffe80000, 0x00000000ffe80000)
  object space 2560K, 97% used [0x00000000ffc00000,0x00000000ffe71f40,0x00000000ffe80000)
 Metaspace       used 15355K, capacity 15700K, committed 16000K, reserved 1062912K
  class space    used 1555K, capacity 1633K, committed 1664K, reserved 1048576K
}
Event: 3.705 GC heap before
{Heap before GC invocations=138 (full 103):
 PSYoungGen      total 1024K, used 1014K [0x00000000ffe80000, 0x0000000100000000, 0x0000000100000000)
  eden space 512K, 99% used [0x00000000ffe80000,0x00000000ffeffff8,0x00000000fff00000)
  from space 512K, 98% used [0x00000000fff00000,0x00000000fff7d988,0x00000000fff80000)
  to   space 512K, 0% used [0x00000000fff80000,0x00000000fff80000,0x0000000100000000)
 ParOldGen       total 2560K, used 2506K [0x00000000ffc00000, 0x00000000ffe80000, 0x00000000ffe80000)
  object space 2560K, 97% used [0x00000000ffc00000,0x00000000ffe72a40,0x00000000ffe80000)
 Metaspace       used 15355K, capacity 15700K, committed 16000K, reserved 1062912K
  class space    used 1555K, capacity 1633K, committed 1664K, reserved 1048576K
Event: 3.718 GC heap after
Heap after GC invocations=138 (full 103):
 PSYoungGen      total 1024K, used 1014K [0x00000000ffe80000, 0x0000000100000000, 0x0000000100000000)
  eden space 512K, 99% used [0x00000000ffe80000,0x00000000ffeffff8,0x00000000fff00000)
  from space 512K, 98% used [0x00000000fff00000,0x00000000fff7d988,0x00000000fff80000)
  to   space 512K, 0% used [0x00000000fff80000,0x00000000fff80000,0x0000000100000000)
 ParOldGen       total 2560K, used 2497K [0x00000000ffc00000, 0x00000000ffe80000, 0x00000000ffe80000)
  object space 2560K, 97% used [0x00000000ffc00000,0x00000000ffe70430,0x00000000ffe80000)
 Metaspace       used 15355K, capacity 15700K, committed 16000K, reserved 1062912K
  class space    used 1555K, capacity 1633K, committed 1664K, reserved 1048576K
}
Event: 3.719 GC heap before
{Heap before GC invocations=139 (full 104):
 PSYoungGen      total 1024K, used 1014K [0x00000000ffe80000, 0x0000000100000000, 0x0000000100000000)
  eden space 512K, 99% used [0x00000000ffe80000,0x00000000ffeffff8,0x00000000fff00000)
  from space 512K, 98% used [0x00000000fff00000,0x00000000fff7d988,0x00000000fff80000)
  to   space 512K, 0% used [0x00000000fff80000,0x00000000fff80000,0x0000000100000000)
 ParOldGen       total 2560K, used 2532K [0x00000000ffc00000, 0x00000000ffe80000, 0x00000000ffe80000)
  object space 2560K, 98% used [0x00000000ffc00000,0x00000000ffe791a8,0x00000000ffe80000)
 Metaspace       used 15355K, capacity 15700K, committed 16000K, reserved 1062912K
  class space    used 1555K, capacity 1633K, committed 1664K, reserved 1048576K
Event: 3.731 GC heap after
Heap after GC invocations=139 (full 104):
 PSYoungGen      total 1024K, used 1014K [0x00000000ffe80000, 0x0000000100000000, 0x0000000100000000)
  eden space 512K, 99% used [0x00000000ffe80000,0x00000000ffeffff8,0x00000000fff00000)
  from space 512K, 98% used [0x00000000fff00000,0x00000000fff7d988,0x00000000fff80000)
  to   space 512K, 0% used [0x00000000fff80000,0x00000000fff80000,0x0000000100000000)
 ParOldGen       total 2560K, used 2521K [0x00000000ffc00000, 0x00000000ffe80000, 0x00000000ffe80000)
  object space 2560K, 98% used [0x00000000ffc00000,0x00000000ffe76420,0x00000000ffe80000)
 Metaspace       used 15355K, capacity 15700K, committed 16000K, reserved 1062912K
  class space    used 1555K, capacity 1633K, committed 1664K, reserved 1048576K
}
Event: 3.731 GC heap before
{Heap before GC invocations=140 (full 105):
 PSYoungGen      total 1024K, used 1014K [0x00000000ffe80000, 0x0000000100000000, 0x0000000100000000)
  eden space 512K, 99% used [0x00000000ffe80000,0x00000000ffeffff8,0x00000000fff00000)
  from space 512K, 98% used [0x00000000fff00000,0x00000000fff7d988,0x00000000fff80000)
  to   space 512K, 0% used [0x00000000fff80000,0x00000000fff80000,0x0000000100000000)
 ParOldGen       total 2560K, used 2552K [0x00000000ffc00000, 0x00000000ffe80000, 0x00000000ffe80000)
  object space 2560K, 99% used [0x00000000ffc00000,0x00000000ffe7e030,0x00000000ffe80000)
 Metaspace       used 15357K, capacity 15700K, committed 16000K, reserved 1062912K
  class space    used 1556K, capacity 1633K, committed 1664K, reserved 1048576K
Event: 3.743 GC heap after
Heap after GC invocations=140 (full 105):
 PSYoungGen      total 1024K, used 1014K [0x00000000ffe80000, 0x0000000100000000, 0x0000000100000000)
  eden space 512K, 99% used [0x00000000ffe80000,0x00000000ffeffff8,0x00000000fff00000)
  from space 512K, 98% used [0x00000000fff00000,0x00000000fff7d988,0x00000000fff80000)
  to   space 512K, 0% used [0x00000000fff80000,0x00000000fff80000,0x0000000100000000)
 ParOldGen       total 2560K, used 2536K [0x00000000ffc00000, 0x00000000ffe80000, 0x00000000ffe80000)
  object space 2560K, 99% used [0x00000000ffc00000,0x00000000ffe7a3d0,0x00000000ffe80000)
 Metaspace       used 15357K, capacity 15700K, committed 16000K, reserved 1062912K
  class space    used 1556K, capacity 1633K, committed 1664K, reserved 1048576K
}
Event: 3.743 GC heap before
{Heap before GC invocations=141 (full 106):
 PSYoungGen      total 1024K, used 1014K [0x00000000ffe80000, 0x0000000100000000, 0x0000000100000000)
  eden space 512K, 99% used [0x00000000ffe80000,0x00000000ffeffff8,0x00000000fff00000)
  from space 512K, 98% used [0x00000000fff00000,0x00000000fff7d988,0x00000000fff80000)
  to   space 512K, 0% used [0x00000000fff80000,0x00000000fff80000,0x0000000100000000)
 ParOldGen       total 2560K, used 2536K [0x00000000ffc00000, 0x00000000ffe80000, 0x00000000ffe80000)
  object space 2560K, 99% used [0x00000000ffc00000,0x00000000ffe7a3d0,0x00000000ffe80000)
 Metaspace       used 15357K, capacity 15700K, committed 16000K, reserved 1062912K
  class space    used 1556K, capacity 1633K, committed 1664K, reserved 1048576K
Event: 3.756 GC heap after
Heap after GC invocations=141 (full 106):
 PSYoungGen      total 1024K, used 1014K [0x00000000ffe80000, 0x0000000100000000, 0x0000000100000000)
  eden space 512K, 99% used [0x00000000ffe80000,0x00000000ffeffff8,0x00000000fff00000)
  from space 512K, 98% used [0x00000000fff00000,0x00000000fff7d988,0x00000000fff80000)
  to   space 512K, 0% used [0x00000000fff80000,0x00000000fff80000,0x0000000100000000)
 ParOldGen       total 2560K, used 2536K [0x00000000ffc00000, 0x00000000ffe80000, 0x00000000ffe80000)
  object space 2560K, 99% used [0x00000000ffc00000,0x00000000ffe7a3d0,0x00000000ffe80000)
 Metaspace       used 15357K, capacity 15700K, committed 16000K, reserved 1062912K
  class space    used 1556K, capacity 1633K, committed 1664K, reserved 1048576K
}

